Performing C SOURCE FILE Test CMAKE_HAVE_LIBC_PTHREAD failed with the following output:
Change Dir: /home/ubuntu/Desktop/openpose/build/caffe/src/openpose_lib-build/CMakeFiles/CMakeTmp

Run Build Command(s):/usr/bin/make cmTC_f4382/fast && make[3]: Entering directory '/home/ubuntu/Desktop/openpose/build/caffe/src/openpose_lib-build/CMakeFiles/CMakeTmp'
/usr/bin/make -f CMakeFiles/cmTC_f4382.dir/build.make CMakeFiles/cmTC_f4382.dir/build
make[4]: Entering directory '/home/ubuntu/Desktop/openpose/build/caffe/src/openpose_lib-build/CMakeFiles/CMakeTmp'
Building C object CMakeFiles/cmTC_f4382.dir/src.c.o
/usr/bin/cc   -DCMAKE_HAVE_LIBC_PTHREAD   -o CMakeFiles/cmTC_f4382.dir/src.c.o   -c /home/ubuntu/Desktop/openpose/build/caffe/src/openpose_lib-build/CMakeFiles/CMakeTmp/src.c
Linking C executable cmTC_f4382
/usr/bin/cmake -E cmake_link_script CMakeFiles/cmTC_f4382.dir/link.txt --verbose=1
/usr/bin/cc  -DCMAKE_HAVE_LIBC_PTHREAD    -rdynamic CMakeFiles/cmTC_f4382.dir/src.c.o  -o cmTC_f4382 
/usr/bin/ld: CMakeFiles/cmTC_f4382.dir/src.c.o: in function `main':
src.c:(.text+0x46): undefined reference to `pthread_create'
/usr/bin/ld: src.c:(.text+0x52): undefined reference to `pthread_detach'
/usr/bin/ld: src.c:(.text+0x63): undefined reference to `pthread_join'
collect2: error: ld returned 1 exit status
make[4]: *** [CMakeFiles/cmTC_f4382.dir/build.make:87: cmTC_f4382] Error 1
make[4]: Leaving directory '/home/ubuntu/Desktop/openpose/build/caffe/src/openpose_lib-build/CMakeFiles/CMakeTmp'
make[3]: *** [Makefile:121: cmTC_f4382/fast] Error 2
make[3]: Leaving directory '/home/ubuntu/Desktop/openpose/build/caffe/src/openpose_lib-build/CMakeFiles/CMakeTmp'


Source file was:
#include <pthread.h>

void* test_func(void* data)
{
  return data;
}

int main(void)
{
  pthread_t thread;
  pthread_create(&thread, NULL, test_func, NULL);
  pthread_detach(thread);
  pthread_join(thread, NULL);
  pthread_atfork(NULL, NULL, NULL);
  pthread_exit(NULL);

  return 0;
}

Determining if the function pthread_create exists in the pthreads failed with the following output:
Change Dir: /home/ubuntu/Desktop/openpose/build/caffe/src/openpose_lib-build/CMakeFiles/CMakeTmp

Run Build Command(s):/usr/bin/make cmTC_87102/fast && make[3]: Entering directory '/home/ubuntu/Desktop/openpose/build/caffe/src/openpose_lib-build/CMakeFiles/CMakeTmp'
/usr/bin/make -f CMakeFiles/cmTC_87102.dir/build.make CMakeFiles/cmTC_87102.dir/build
make[4]: Entering directory '/home/ubuntu/Desktop/openpose/build/caffe/src/openpose_lib-build/CMakeFiles/CMakeTmp'
Building C object CMakeFiles/cmTC_87102.dir/CheckFunctionExists.c.o
/usr/bin/cc   -DCHECK_FUNCTION_EXISTS=pthread_create   -o CMakeFiles/cmTC_87102.dir/CheckFunctionExists.c.o   -c /usr/share/cmake-3.16/Modules/CheckFunctionExists.c
Linking C executable cmTC_87102
/usr/bin/cmake -E cmake_link_script CMakeFiles/cmTC_87102.dir/link.txt --verbose=1
/usr/bin/cc  -DCHECK_FUNCTION_EXISTS=pthread_create    -rdynamic CMakeFiles/cmTC_87102.dir/CheckFunctionExists.c.o  -o cmTC_87102  -lpthreads 
/usr/bin/ld: cannot find -lpthreads
collect2: error: ld returned 1 exit status
make[4]: *** [CMakeFiles/cmTC_87102.dir/build.make:87: cmTC_87102] Error 1
make[4]: Leaving directory '/home/ubuntu/Desktop/openpose/build/caffe/src/openpose_lib-build/CMakeFiles/CMakeTmp'
make[3]: *** [Makefile:121: cmTC_87102/fast] Error 2
make[3]: Leaving directory '/home/ubuntu/Desktop/openpose/build/caffe/src/openpose_lib-build/CMakeFiles/CMakeTmp'



